  Game.cpp
C:\Users\Agu\source\repos\Project1\Project1\Brick.h(50,34): warning C4305: 'argument': truncation from 'double' to 'T'
C:\Users\Agu\source\repos\Project1\Project1\Brick.h(50,34): warning C4305:         with
C:\Users\Agu\source\repos\Project1\Project1\Brick.h(50,34): warning C4305:         [
C:\Users\Agu\source\repos\Project1\Project1\Brick.h(50,34): warning C4305:             T=float
C:\Users\Agu\source\repos\Project1\Project1\Brick.h(50,34): warning C4305:         ]
  (compiling source file 'Game.cpp')
  
C:\Users\Agu\source\repos\Project1\Project1\Brick.h(50,29): warning C4305: 'argument': truncation from 'double' to 'T'
C:\Users\Agu\source\repos\Project1\Project1\Brick.h(50,29): warning C4305:         with
C:\Users\Agu\source\repos\Project1\Project1\Brick.h(50,29): warning C4305:         [
C:\Users\Agu\source\repos\Project1\Project1\Brick.h(50,29): warning C4305:             T=float
C:\Users\Agu\source\repos\Project1\Project1\Brick.h(50,29): warning C4305:         ]
  (compiling source file 'Game.cpp')
  
C:\Users\Agu\source\repos\Project1\Project1\Brick.h(71,34): warning C4305: 'argument': truncation from 'double' to 'T'
C:\Users\Agu\source\repos\Project1\Project1\Brick.h(71,34): warning C4305:         with
C:\Users\Agu\source\repos\Project1\Project1\Brick.h(71,34): warning C4305:         [
C:\Users\Agu\source\repos\Project1\Project1\Brick.h(71,34): warning C4305:             T=float
C:\Users\Agu\source\repos\Project1\Project1\Brick.h(71,34): warning C4305:         ]
  (compiling source file 'Game.cpp')
  
C:\Users\Agu\source\repos\Project1\Project1\Brick.h(71,29): warning C4305: 'argument': truncation from 'double' to 'T'
C:\Users\Agu\source\repos\Project1\Project1\Brick.h(71,29): warning C4305:         with
C:\Users\Agu\source\repos\Project1\Project1\Brick.h(71,29): warning C4305:         [
C:\Users\Agu\source\repos\Project1\Project1\Brick.h(71,29): warning C4305:             T=float
C:\Users\Agu\source\repos\Project1\Project1\Brick.h(71,29): warning C4305:         ]
  (compiling source file 'Game.cpp')
  
C:\Users\Agu\source\repos\Project1\Project1\Game.cpp(200,15): warning C4244: 'argument': conversion from 'time_t' to 'unsigned int', possible loss of data
C:\Users\Agu\source\repos\Project1\Project1\Game.cpp(216,55): warning C4244: 'argument': conversion from 'int' to 'float', possible loss of data
C:\Users\Agu\source\repos\Project1\Project1\Game.cpp(216,49): warning C4244: 'argument': conversion from 'int' to 'float', possible loss of data
C:\Users\Agu\source\repos\Project1\Project1\Game.cpp(219,60): warning C4244: 'argument': conversion from 'int' to 'float', possible loss of data
C:\Users\Agu\source\repos\Project1\Project1\Game.cpp(219,54): warning C4244: 'argument': conversion from 'int' to 'float', possible loss of data
  Project1.vcxproj -> C:\Users\Agu\source\repos\Project1\x64\Debug\Project1.exe
