  Ball.cpp
  Brick.cpp
C:\Users\Agu\source\repos\Project1\Project1\Brick.cpp(21,33): warning C4305: 'argument': truncation from 'double' to 'T'
C:\Users\Agu\source\repos\Project1\Project1\Brick.cpp(21,33): warning C4305:         with
C:\Users\Agu\source\repos\Project1\Project1\Brick.cpp(21,33): warning C4305:         [
C:\Users\Agu\source\repos\Project1\Project1\Brick.cpp(21,33): warning C4305:             T=float
C:\Users\Agu\source\repos\Project1\Project1\Brick.cpp(21,33): warning C4305:         ]
C:\Users\Agu\source\repos\Project1\Project1\Brick.cpp(21,28): warning C4305: 'argument': truncation from 'double' to 'T'
C:\Users\Agu\source\repos\Project1\Project1\Brick.cpp(21,28): warning C4305:         with
C:\Users\Agu\source\repos\Project1\Project1\Brick.cpp(21,28): warning C4305:         [
C:\Users\Agu\source\repos\Project1\Project1\Brick.cpp(21,28): warning C4305:             T=float
C:\Users\Agu\source\repos\Project1\Project1\Brick.cpp(21,28): warning C4305:         ]
  Game.cpp
C:\Users\Agu\source\repos\Project1\Project1\Game.cpp(165,37): warning C4244: 'argument': conversion from 'int' to 'float', possible loss of data
C:\Users\Agu\source\repos\Project1\Project1\Game.cpp(165,31): warning C4244: 'argument': conversion from 'int' to 'float', possible loss of data
  main.cpp
  Platform.cpp
  Generating Code...
Ball.obj : error LNK2019: unresolved external symbol "__declspec(dllimport) public: float __thiscall sf::Time::asSeconds(void)const " (__imp_?asSeconds@Time@sf@@QBEMXZ) referenced in function "public: void __thiscall Ball::update(class sf::Time)" (?update@Ball@@QAEXVTime@sf@@@Z)
Game.obj : error LNK2001: unresolved external symbol "__declspec(dllimport) public: float __thiscall sf::Time::asSeconds(void)const " (__imp_?asSeconds@Time@sf@@QBEMXZ)
Platform.obj : error LNK2001: unresolved external symbol "__declspec(dllimport) public: float __thiscall sf::Time::asSeconds(void)const " (__imp_?asSeconds@Time@sf@@QBEMXZ)
Ball.obj : error LNK2019: unresolved external symbol "__declspec(dllimport) public: void __thiscall sf::Transformable::setPosition(class sf::Vector2<float> const &)" (__imp_?setPosition@Transformable@sf@@QAEXABV?$Vector2@M@2@@Z) referenced in function "public: __thiscall Ball::Ball(float,float)" (??0Ball@@QAE@MM@Z)
Brick.obj : error LNK2001: unresolved external symbol "__declspec(dllimport) public: void __thiscall sf::Transformable::setPosition(class sf::Vector2<float> const &)" (__imp_?setPosition@Transformable@sf@@QAEXABV?$Vector2@M@2@@Z)
Platform.obj : error LNK2001: unresolved external symbol "__declspec(dllimport) public: void __thiscall sf::Transformable::setPosition(class sf::Vector2<float> const &)" (__imp_?setPosition@Transformable@sf@@QAEXABV?$Vector2@M@2@@Z)
Ball.obj : error LNK2019: unresolved external symbol "__declspec(dllimport) public: __thiscall sf::Color::Color(unsigned char,unsigned char,unsigned char,unsigned char)" (__imp_??0Color@sf@@QAE@EEEE@Z) referenced in function "public: __thiscall Ball::Ball(float,float)" (??0Ball@@QAE@MM@Z)
Game.obj : error LNK2001: unresolved external symbol "__declspec(dllimport) public: __thiscall sf::Color::Color(unsigned char,unsigned char,unsigned char,unsigned char)" (__imp_??0Color@sf@@QAE@EEEE@Z)
Ball.obj : error LNK2019: unresolved external symbol "__declspec(dllimport) public: void __thiscall sf::Shape::setFillColor(class sf::Color const &)" (__imp_?setFillColor@Shape@sf@@QAEXABVColor@2@@Z) referenced in function "public: __thiscall Ball::Ball(float,float)" (??0Ball@@QAE@MM@Z)
Platform.obj : error LNK2001: unresolved external symbol "__declspec(dllimport) public: void __thiscall sf::Shape::setFillColor(class sf::Color const &)" (__imp_?setFillColor@Shape@sf@@QAEXABVColor@2@@Z)
Ball.obj : error LNK2019: unresolved external symbol "__declspec(dllimport) public: class sf::Rect<float> __thiscall sf::Shape::getGlobalBounds(void)const " (__imp_?getGlobalBounds@Shape@sf@@QBE?AV?$Rect@M@2@XZ) referenced in function "public: class sf::Rect<float> __thiscall Ball::getPosition(void)" (?getPosition@Ball@@QAE?AV?$Rect@M@sf@@XZ)
Platform.obj : error LNK2001: unresolved external symbol "__declspec(dllimport) public: class sf::Rect<float> __thiscall sf::Shape::getGlobalBounds(void)const " (__imp_?getGlobalBounds@Shape@sf@@QBE?AV?$Rect@M@2@XZ)
Ball.obj : error LNK2019: unresolved external symbol "__declspec(dllimport) public: __thiscall sf::RectangleShape::RectangleShape(class sf::Vector2<float> const &)" (__imp_??0RectangleShape@sf@@QAE@ABV?$Vector2@M@1@@Z) referenced in function "public: __thiscall Ball::Ball(float,float)" (??0Ball@@QAE@MM@Z)
Platform.obj : error LNK2001: unresolved external symbol "__declspec(dllimport) public: __thiscall sf::RectangleShape::RectangleShape(class sf::Vector2<float> const &)" (__imp_??0RectangleShape@sf@@QAE@ABV?$Vector2@M@1@@Z)
Ball.obj : error LNK2019: unresolved external symbol "__declspec(dllimport) public: void __thiscall sf::RectangleShape::setSize(class sf::Vector2<float> const &)" (__imp_?setSize@RectangleShape@sf@@QAEXABV?$Vector2@M@2@@Z) referenced in function "public: __thiscall Ball::Ball(float,float)" (??0Ball@@QAE@MM@Z)
Platform.obj : error LNK2001: unresolved external symbol "__declspec(dllimport) public: void __thiscall sf::RectangleShape::setSize(class sf::Vector2<float> const &)" (__imp_?setSize@RectangleShape@sf@@QAEXABV?$Vector2@M@2@@Z)
Ball.obj : error LNK2019: unresolved external symbol "__declspec(dllimport) public: virtual __thiscall sf::RectangleShape::~RectangleShape(void)" (__imp_??1RectangleShape@sf@@UAE@XZ) referenced in function __unwindfunclet$??0Ball@@QAE@MM@Z$0
Game.obj : error LNK2001: unresolved external symbol "__declspec(dllimport) public: virtual __thiscall sf::RectangleShape::~RectangleShape(void)" (__imp_??1RectangleShape@sf@@UAE@XZ)
Platform.obj : error LNK2001: unresolved external symbol "__declspec(dllimport) public: virtual __thiscall sf::RectangleShape::~RectangleShape(void)" (__imp_??1RectangleShape@sf@@UAE@XZ)
Ball.obj : error LNK2019: unresolved external symbol "__declspec(dllimport) public: __thiscall sf::RectangleShape::RectangleShape(class sf::RectangleShape const &)" (__imp_??0RectangleShape@sf@@QAE@ABV01@@Z) referenced in function "public: class sf::RectangleShape __thiscall Ball::getShape(void)" (?getShape@Ball@@QAE?AVRectangleShape@sf@@XZ)
Platform.obj : error LNK2001: unresolved external symbol "__declspec(dllimport) public: __thiscall sf::RectangleShape::RectangleShape(class sf::RectangleShape const &)" (__imp_??0RectangleShape@sf@@QAE@ABV01@@Z)
Brick.obj : error LNK2019: unresolved external symbol "__declspec(dllimport) public: void __thiscall sf::Transformable::setScale(class sf::Vector2<float> const &)" (__imp_?setScale@Transformable@sf@@QAEXABV?$Vector2@M@2@@Z) referenced in function "public: __thiscall Brick::Brick(float,float)" (??0Brick@@QAE@MM@Z)
Brick.obj : error LNK2019: unresolved external symbol "__declspec(dllimport) public: __thiscall sf::Texture::Texture(void)" (__imp_??0Texture@sf@@QAE@XZ) referenced in function "public: __thiscall Brick::Brick(float,float)" (??0Brick@@QAE@MM@Z)
Brick.obj : error LNK2019: unresolved external symbol "__declspec(dllimport) public: __thiscall sf::Texture::~Texture(void)" (__imp_??1Texture@sf@@QAE@XZ) referenced in function __unwindfunclet$??0Brick@@QAE@MM@Z$0
Game.obj : error LNK2001: unresolved external symbol "__declspec(dllimport) public: __thiscall sf::Texture::~Texture(void)" (__imp_??1Texture@sf@@QAE@XZ)
Brick.obj : error LNK2019: unresolved external symbol "__declspec(dllimport) public: bool __thiscall sf::Texture::loadFromFile(class std::basic_string<char,struct std::char_traits<char>,class std::allocator<char> > const &,class sf::Rect<int> const &)" (__imp_?loadFromFile@Texture@sf@@QAE_NABV?$basic_string@DU?$char_traits@D@std@@V?$allocator@D@2@@std@@ABV?$Rect@H@2@@Z) referenced in function "public: __thiscall Brick::Brick(float,float)" (??0Brick@@QAE@MM@Z)
Brick.obj : error LNK2019: unresolved external symbol "__declspec(dllimport) public: __thiscall sf::Sprite::Sprite(void)" (__imp_??0Sprite@sf@@QAE@XZ) referenced in function "public: __thiscall Brick::Brick(float,float)" (??0Brick@@QAE@MM@Z)
Brick.obj : error LNK2019: unresolved external symbol "__declspec(dllimport) public: void __thiscall sf::Sprite::setTexture(class sf::Texture const &,bool)" (__imp_?setTexture@Sprite@sf@@QAEXABVTexture@2@_N@Z) referenced in function "public: __thiscall Brick::Brick(float,float)" (??0Brick@@QAE@MM@Z)
Brick.obj : error LNK2019: unresolved external symbol "__declspec(dllimport) public: class sf::Rect<float> __thiscall sf::Sprite::getGlobalBounds(void)const " (__imp_?getGlobalBounds@Sprite@sf@@QBE?AV?$Rect@M@2@XZ) referenced in function "public: class sf::Rect<float> __thiscall Brick::getPosition(void)" (?getPosition@Brick@@QAE?AV?$Rect@M@sf@@XZ)
Brick.obj : error LNK2019: unresolved external symbol "__declspec(dllimport) public: virtual __thiscall sf::Sprite::~Sprite(void)" (__imp_??1Sprite@sf@@UAE@XZ) referenced in function __unwindfunclet$??0Brick@@QAE@MM@Z$1
Game.obj : error LNK2001: unresolved external symbol "__declspec(dllimport) public: virtual __thiscall sf::Sprite::~Sprite(void)" (__imp_??1Sprite@sf@@UAE@XZ)
Brick.obj : error LNK2019: unresolved external symbol "__declspec(dllimport) public: __thiscall sf::Sprite::Sprite(class sf::Sprite const &)" (__imp_??0Sprite@sf@@QAE@ABV01@@Z) referenced in function "public: class sf::Sprite __thiscall Brick::getSprite(void)" (?getSprite@Brick@@QAE?AVSprite@sf@@XZ)
Game.obj : error LNK2001: unresolved external symbol "__declspec(dllimport) public: __thiscall sf::Sprite::Sprite(class sf::Sprite const &)" (__imp_??0Sprite@sf@@QAE@ABV01@@Z)
Game.obj : error LNK2019: unresolved external symbol "__declspec(dllimport) public: __thiscall sf::Time::Time(void)" (__imp_??0Time@sf@@QAE@XZ) referenced in function "public: __thiscall Game::Game(void)" (??0Game@@QAE@XZ)
Game.obj : error LNK2019: unresolved external symbol "__declspec(dllimport) public: __thiscall sf::Clock::Clock(void)" (__imp_??0Clock@sf@@QAE@XZ) referenced in function "public: __thiscall Game::Game(void)" (??0Game@@QAE@XZ)
Game.obj : error LNK2019: unresolved external symbol "__declspec(dllimport) public: class sf::Time __thiscall sf::Clock::restart(void)" (__imp_?restart@Clock@sf@@QAE?AVTime@2@XZ) referenced in function "public: void __thiscall Game::pollEvents(void)" (?pollEvents@Game@@QAEXXZ)
Game.obj : error LNK2019: unresolved external symbol "__declspec(dllimport) public: __thiscall sf::String::String(char const *,class std::locale const &)" (__imp_??0String@sf@@QAE@PBDABVlocale@std@@@Z) referenced in function "private: void __thiscall Game::initWindow(void)" (?initWindow@Game@@AAEXXZ)
Game.obj : error LNK2019: unresolved external symbol "__declspec(dllimport) public: __thiscall sf::String::~String(void)" (__imp_??1String@sf@@QAE@XZ) referenced in function "private: void __thiscall Game::initWindow(void)" (?initWindow@Game@@AAEXXZ)
Game.obj : error LNK2019: unresolved external symbol "__declspec(dllimport) public: static bool __cdecl sf::Keyboard::isKeyPressed(enum sf::Keyboard::Key)" (__imp_?isKeyPressed@Keyboard@sf@@SA_NW4Key@12@@Z) referenced in function "public: void __thiscall Game::pollEvents(void)" (?pollEvents@Game@@QAEXXZ)
Game.obj : error LNK2019: unresolved external symbol "__declspec(dllimport) public: __thiscall sf::VideoMode::VideoMode(void)" (__imp_??0VideoMode@sf@@QAE@XZ) referenced in function "public: __thiscall Game::Game(void)" (??0Game@@QAE@XZ)
Game.obj : error LNK2019: unresolved external symbol "__declspec(dllimport) public: bool __thiscall sf::WindowBase::isOpen(void)const " (__imp_?isOpen@WindowBase@sf@@QBE_NXZ) referenced in function "public: bool __thiscall Game::gameRunning(void)" (?gameRunning@Game@@QAE_NXZ)
Game.obj : error LNK2019: unresolved external symbol "__declspec(dllimport) public: bool __thiscall sf::WindowBase::pollEvent(class sf::Event &)" (__imp_?pollEvent@WindowBase@sf@@QAE_NAAVEvent@2@@Z) referenced in function "public: void __thiscall Game::pollEvents(void)" (?pollEvents@Game@@QAEXXZ)
Game.obj : error LNK2019: unresolved external symbol "__declspec(dllimport) public: void __thiscall sf::Window::setFramerateLimit(unsigned int)" (__imp_?setFramerateLimit@Window@sf@@QAEXI@Z) referenced in function "private: void __thiscall Game::initWindow(void)" (?initWindow@Game@@AAEXXZ)
Game.obj : error LNK2019: unresolved external symbol "__declspec(dllimport) public: void __thiscall sf::Window::display(void)" (__imp_?display@Window@sf@@QAEXXZ) referenced in function "public: void __thiscall Game::render(void)" (?render@Game@@QAEXXZ)
Game.obj : error LNK2019: unresolved external symbol "__declspec(dllimport) public: __thiscall sf::Texture::Texture(class sf::Texture const &)" (__imp_??0Texture@sf@@QAE@ABV01@@Z) referenced in function "public: __thiscall Brick::Brick(class Brick const &)" (??0Brick@@QAE@ABV0@@Z)
Game.obj : error LNK2019: unresolved external symbol "__declspec(dllimport) public: class sf::RectangleShape & __thiscall sf::RectangleShape::operator=(class sf::RectangleShape &&)" (__imp_??4RectangleShape@sf@@QAEAAV01@$$QAV01@@Z) referenced in function "public: class Ball & __thiscall Ball::operator=(class Ball &&)" (??4Ball@@QAEAAV0@$$QAV0@@Z)
Game.obj : error LNK2019: unresolved external symbol "__declspec(dllimport) public: void __thiscall sf::RenderTarget::clear(class sf::Color const &)" (__imp_?clear@RenderTarget@sf@@QAEXABVColor@2@@Z) referenced in function "public: void __thiscall Game::render(void)" (?render@Game@@QAEXXZ)
Game.obj : error LNK2019: unresolved external symbol "__declspec(dllimport) public: void __thiscall sf::RenderTarget::draw(class sf::Drawable const &,class sf::RenderStates const &)" (__imp_?draw@RenderTarget@sf@@QAEXABVDrawable@2@ABVRenderStates@2@@Z) referenced in function "public: void __thiscall Game::render(void)" (?render@Game@@QAEXXZ)
Game.obj : error LNK2019: unresolved external symbol "__declspec(dllimport) public: __thiscall sf::RenderWindow::RenderWindow(class sf::VideoMode,class sf::String const &,unsigned int,struct sf::ContextSettings const &)" (__imp_??0RenderWindow@sf@@QAE@VVideoMode@1@ABVString@1@IABUContextSettings@1@@Z) referenced in function "private: void __thiscall Game::initWindow(void)" (?initWindow@Game@@AAEXXZ)
Game.obj : error LNK2019: unresolved external symbol "__declspec(dllimport) public: virtual __thiscall sf::RenderWindow::~RenderWindow(void)" (__imp_??1RenderWindow@sf@@UAE@XZ) referenced in function "public: virtual void * __thiscall sf::RenderWindow::`scalar deleting destructor'(unsigned int)" (??_GRenderWindow@sf@@UAEPAXI@Z)
Game.obj : error LNK2001: unresolved external symbol "public: virtual void __thiscall sf::Window::create(struct HWND__ *,struct sf::ContextSettings const &)" (?create@Window@sf@@UAEXPAUHWND__@@ABUContextSettings@2@@Z)
Game.obj : error LNK2001: unresolved external symbol "public: virtual void __thiscall sf::Window::create(struct HWND__ *)" (?create@Window@sf@@UAEXPAUHWND__@@@Z)
Game.obj : error LNK2001: unresolved external symbol "public: virtual void __thiscall sf::Window::create(class sf::VideoMode,class sf::String const &,unsigned int,struct sf::ContextSettings const &)" (?create@Window@sf@@UAEXVVideoMode@2@ABVString@2@IABUContextSettings@2@@Z)
Game.obj : error LNK2001: unresolved external symbol "public: virtual void __thiscall sf::Window::create(class sf::VideoMode,class sf::String const &,unsigned int)" (?create@Window@sf@@UAEXVVideoMode@2@ABVString@2@I@Z)
Game.obj : error LNK2001: unresolved external symbol "public: virtual void __thiscall sf::Window::close(void)" (?close@Window@sf@@UAEXXZ)
Game.obj : error LNK2001: unresolved external symbol "public: virtual class sf::Vector2<unsigned int> __thiscall sf::RenderWindow::getSize(void)const " (?getSize@RenderWindow@sf@@UBE?AV?$Vector2@I@2@XZ)
Game.obj : error LNK2001: unresolved external symbol "public: virtual bool __thiscall sf::RenderWindow::isSrgb(void)const " (?isSrgb@RenderWindow@sf@@UBE_NXZ)
Game.obj : error LNK2001: unresolved external symbol "public: virtual bool __thiscall sf::RenderWindow::setActive(bool)" (?setActive@RenderWindow@sf@@UAE_N_N@Z)
Game.obj : error LNK2001: unresolved external symbol "protected: virtual void __thiscall sf::RenderWindow::onCreate(void)" (?onCreate@RenderWindow@sf@@MAEXXZ)
Game.obj : error LNK2001: unresolved external symbol "protected: virtual void __thiscall sf::RenderWindow::onResize(void)" (?onResize@RenderWindow@sf@@MAEXXZ)
Game.obj : error LNK2019: unresolved external symbol "__declspec(dllimport) public: static class sf::RenderStates const sf::RenderStates::Default" (__imp_?Default@RenderStates@sf@@2V12@B) referenced in function "public: void __thiscall Game::render(void)" (?render@Game@@QAEXXZ)
Platform.obj : error LNK2019: unresolved external symbol "__declspec(dllimport) public: static class sf::Color const sf::Color::Black" (__imp_?Black@Color@sf@@2V12@B) referenced in function "public: __thiscall Platform::Platform(float,float)" (??0Platform@@QAE@MM@Z)
C:\Users\Agu\source\repos\Project1\Debug\Project1.exe : fatal error LNK1120: 47 unresolved externals
